mode: set
github.com/cloudfoundry/dropsonde/runtime_stats/runtime_stats.go:41.82,46.2 1 1
github.com/cloudfoundry/dropsonde/runtime_stats/runtime_stats.go:48.55,52.6 3 1
github.com/cloudfoundry/dropsonde/runtime_stats/runtime_stats.go:52.6,66.10 8 1
github.com/cloudfoundry/dropsonde/runtime_stats/runtime_stats.go:67.3,67.19 0 0
github.com/cloudfoundry/dropsonde/runtime_stats/runtime_stats.go:68.3,69.10 1 1
github.com/cloudfoundry/dropsonde/runtime_stats/runtime_stats.go:74.42,85.16 2 1
github.com/cloudfoundry/dropsonde/runtime_stats/runtime_stats.go:88.2,91.60 4 1
github.com/cloudfoundry/dropsonde/runtime_stats/runtime_stats.go:85.16,87.3 1 0
github.com/cloudfoundry/dropsonde/runtime_stats/runtime_stats.go:94.58,100.16 2 1
github.com/cloudfoundry/dropsonde/runtime_stats/runtime_stats.go:100.16,102.3 1 1
github.com/cloudfoundry/dropsonde/runtime_stats/runtime_stats.go:108.42,112.16 4 1
github.com/cloudfoundry/dropsonde/runtime_stats/runtime_stats.go:118.2,118.28 1 1
github.com/cloudfoundry/dropsonde/runtime_stats/runtime_stats.go:130.2,131.41 2 1
github.com/cloudfoundry/dropsonde/runtime_stats/runtime_stats.go:112.16,116.3 2 0
github.com/cloudfoundry/dropsonde/runtime_stats/runtime_stats.go:118.28,120.60 1 1
github.com/cloudfoundry/dropsonde/runtime_stats/runtime_stats.go:120.60,123.4 1 0
github.com/cloudfoundry/dropsonde/runtime_stats/runtime_stats.go:123.4,125.4 1 1
github.com/cloudfoundry/dropsonde/runtime_stats/runtime_stats.go:131.41,133.17 2 1
github.com/cloudfoundry/dropsonde/runtime_stats/runtime_stats.go:136.3,138.52 3 1
github.com/cloudfoundry/dropsonde/runtime_stats/runtime_stats.go:133.17,135.4 1 0
github.com/cloudfoundry/dropsonde/runtime_stats/runtime_stats.go:147.43,148.31 1 1
github.com/cloudfoundry/dropsonde/runtime_stats/runtime_stats.go:148.31,153.34 3 0
github.com/cloudfoundry/dropsonde/runtime_stats/runtime_stats.go:164.3,164.33 1 0
github.com/cloudfoundry/dropsonde/runtime_stats/runtime_stats.go:153.34,162.4 8 0
github.com/cloudfoundry/dropsonde/runtime_stats/runtime_stats.go:164.33,166.18 2 0
github.com/cloudfoundry/dropsonde/runtime_stats/runtime_stats.go:172.4,175.86 4 0
github.com/cloudfoundry/dropsonde/runtime_stats/runtime_stats.go:166.18,170.5 2 0
github.com/cloudfoundry/dropsonde/runtime_stats/runtime_stats.go:178.3,180.17 2 1
github.com/cloudfoundry/dropsonde/runtime_stats/runtime_stats.go:183.3,183.39 1 1
github.com/cloudfoundry/dropsonde/runtime_stats/runtime_stats.go:180.17,182.4 1 0
github.com/cloudfoundry/dropsonde/runtime_stats/runtime_stats.go:183.39,185.35 1 1
github.com/cloudfoundry/dropsonde/runtime_stats/runtime_stats.go:185.35,188.19 3 1
github.com/cloudfoundry/dropsonde/runtime_stats/runtime_stats.go:194.5,201.37 6 1
github.com/cloudfoundry/dropsonde/runtime_stats/runtime_stats.go:188.19,192.6 2 0
github.com/cloudfoundry/dropsonde/runtime_stats/runtime_stats.go:201.37,202.50 1 1
github.com/cloudfoundry/dropsonde/runtime_stats/runtime_stats.go:202.50,212.7 7 1
github.com/cloudfoundry/dropsonde/runtime_stats/runtime_stats.go:225.46,227.16 2 1
github.com/cloudfoundry/dropsonde/runtime_stats/runtime_stats.go:233.2,233.28 1 1
github.com/cloudfoundry/dropsonde/runtime_stats/runtime_stats.go:237.2,238.28 2 1
github.com/cloudfoundry/dropsonde/runtime_stats/runtime_stats.go:227.16,231.3 2 0
github.com/cloudfoundry/dropsonde/runtime_stats/runtime_stats.go:233.28,235.3 1 1
github.com/cloudfoundry/dropsonde/runtime_stats/runtime_stats.go:238.28,247.3 8 1
github.com/cloudfoundry/dropsonde/runtime_stats/runtime_stats.go:254.46,256.16 2 1
github.com/cloudfoundry/dropsonde/runtime_stats/runtime_stats.go:262.2,264.28 2 1
github.com/cloudfoundry/dropsonde/runtime_stats/runtime_stats.go:296.2,296.48 1 1
github.com/cloudfoundry/dropsonde/runtime_stats/runtime_stats.go:300.2,301.32 2 1
github.com/cloudfoundry/dropsonde/runtime_stats/runtime_stats.go:256.16,260.3 2 0
github.com/cloudfoundry/dropsonde/runtime_stats/runtime_stats.go:264.28,266.17 2 1
github.com/cloudfoundry/dropsonde/runtime_stats/runtime_stats.go:266.17,270.4 2 0
github.com/cloudfoundry/dropsonde/runtime_stats/runtime_stats.go:270.4,277.29 4 1
github.com/cloudfoundry/dropsonde/runtime_stats/runtime_stats.go:277.29,287.19 8 1
github.com/cloudfoundry/dropsonde/runtime_stats/runtime_stats.go:290.5,290.43 1 1
github.com/cloudfoundry/dropsonde/runtime_stats/runtime_stats.go:287.19,289.6 1 1
github.com/cloudfoundry/dropsonde/runtime_stats/runtime_stats.go:296.48,298.3 1 1
github.com/cloudfoundry/dropsonde/runtime_stats/runtime_stats.go:301.32,302.17 1 1
github.com/cloudfoundry/dropsonde/runtime_stats/runtime_stats.go:305.3,307.65 3 1
github.com/cloudfoundry/dropsonde/runtime_stats/runtime_stats.go:310.3,311.10 2 1
github.com/cloudfoundry/dropsonde/runtime_stats/runtime_stats.go:302.17,303.9 1 1
github.com/cloudfoundry/dropsonde/runtime_stats/runtime_stats.go:307.65,309.4 1 1
